-encoding
UTF-8
-outxml
-source
1.6
-target
1.6
-classpath
/Users/david/.m2/repository/antlr/antlr/2.7.6/antlr-2.7.6.jar:/Users/david/.m2/repository/aopalliance/aopalliance/1.0/aopalliance-1.0.jar:/Users/david/.m2/repository/cglib/cglib-nodep/2.2/cglib-nodep-2.2.jar:/Users/david/.m2/repository/commons-collections/commons-collections/3.1/commons-collections-3.1.jar:/Users/david/.m2/repository/commons-dbcp/commons-dbcp/1.3/commons-dbcp-1.3.jar:/Users/david/.m2/repository/commons-pool/commons-pool/1.5.4/commons-pool-1.5.4.jar:/Users/david/.m2/repository/dom4j/dom4j/1.6.1/dom4j-1.6.1.jar:/Users/david/.m2/repository/javassist/javassist/3.12.0.GA/javassist-3.12.0.GA.jar:/Users/david/.m2/repository/javax/servlet/servlet-api/2.5/servlet-api-2.5.jar:/Users/david/.m2/repository/javax/transaction/jta/1.1/jta-1.1.jar:/Users/david/.m2/repository/javax/validation/validation-api/1.0.0.GA/validation-api-1.0.0.GA.jar:/Users/david/.m2/repository/junit/junit/4.8.2/junit-4.8.2.jar:/Users/david/.m2/repository/log4j/log4j/1.2.16/log4j-1.2.16.jar:/Users/david/.m2/repository/mysql/mysql-connector-java/5.1.13/mysql-connector-java-5.1.13.jar:/Users/david/.m2/repository/net/sf/flexjson/flexjson/2.1/flexjson-2.1.jar:/Users/david/.m2/repository/org/aspectj/aspectjrt/1.6.11/aspectjrt-1.6.11.jar:/Users/david/.m2/repository/org/aspectj/aspectjweaver/1.6.11/aspectjweaver-1.6.11.jar:/Users/david/.m2/repository/org/hibernate/hibernate-commons-annotations/3.2.0.Final/hibernate-commons-annotations-3.2.0.Final.jar:/Users/david/.m2/repository/org/hibernate/hibernate-core/3.6.1.Final/hibernate-core-3.6.1.Final.jar:/Users/david/.m2/repository/org/hibernate/hibernate-entitymanager/3.6.1.Final/hibernate-entitymanager-3.6.1.Final.jar:/Users/david/.m2/repository/org/hibernate/hibernate-validator/4.1.0.Final/hibernate-validator-4.1.0.Final.jar:/Users/david/.m2/repository/org/hibernate/javax/persistence/hibernate-jpa-2.0-api/1.0.0.Final/hibernate-jpa-2.0-api-1.0.0.Final.jar:/Users/david/.m2/repository/org/slf4j/jcl-over-slf4j/1.6.1/jcl-over-slf4j-1.6.1.jar:/Users/david/.m2/repository/org/slf4j/slf4j-api/1.6.1/slf4j-api-1.6.1.jar:/Users/david/.m2/repository/org/slf4j/slf4j-log4j12/1.6.1/slf4j-log4j12-1.6.1.jar:/Users/david/.m2/repository/org/springframework/spring-aop/3.0.5.RELEASE/spring-aop-3.0.5.RELEASE.jar:/Users/david/.m2/repository/org/springframework/spring-asm/3.0.5.RELEASE/spring-asm-3.0.5.RELEASE.jar:/Users/david/.m2/repository/org/springframework/spring-aspects/3.0.5.RELEASE/spring-aspects-3.0.5.RELEASE.jar:/Users/david/.m2/repository/org/springframework/spring-beans/3.0.5.RELEASE/spring-beans-3.0.5.RELEASE.jar:/Users/david/.m2/repository/org/springframework/spring-context/3.0.5.RELEASE/spring-context-3.0.5.RELEASE.jar:/Users/david/.m2/repository/org/springframework/spring-context-support/3.0.5.RELEASE/spring-context-support-3.0.5.RELEASE.jar:/Users/david/.m2/repository/org/springframework/spring-core/3.0.5.RELEASE/spring-core-3.0.5.RELEASE.jar:/Users/david/.m2/repository/org/springframework/spring-expression/3.0.5.RELEASE/spring-expression-3.0.5.RELEASE.jar:/Users/david/.m2/repository/org/springframework/spring-jdbc/3.0.5.RELEASE/spring-jdbc-3.0.5.RELEASE.jar:/Users/david/.m2/repository/org/springframework/spring-orm/3.0.5.RELEASE/spring-orm-3.0.5.RELEASE.jar:/Users/david/.m2/repository/org/springframework/spring-test/3.0.5.RELEASE/spring-test-3.0.5.RELEASE.jar:/Users/david/.m2/repository/org/springframework/spring-tx/3.0.5.RELEASE/spring-tx-3.0.5.RELEASE.jar:/Users/david/.m2/repository/org/springframework/roo/org.springframework.roo.annotations/1.1.3.RELEASE/org.springframework.roo.annotations-1.1.3.RELEASE.jar:/Users/david/GitHub/metahive/target/classes
-aspectpath
/Users/david/.m2/repository/org/springframework/spring-aspects/3.0.5.RELEASE/spring-aspects-3.0.5.RELEASE.jar
-d
/Users/david/GitHub/metahive/target/classes
/Users/david/GitHub/metahive/src/main/java/com/sfs/metahive/model/Definition.java
/Users/david/GitHub/metahive/src/main/java/com/sfs/metahive/model/Definition_Roo_Entity.aj
/Users/david/GitHub/metahive/src/main/java/com/sfs/metahive/model/Category_Roo_JavaBean.aj
/Users/david/GitHub/metahive/src/main/java/com/sfs/metahive/model/Category_Roo_Entity.aj
/Users/david/GitHub/metahive/src/main/java/com/sfs/metahive/model/Definition_Roo_JavaBean.aj
/Users/david/GitHub/metahive/src/main/java/com/sfs/metahive/model/Definition_Roo_Finder.aj
/Users/david/GitHub/metahive/src/main/java/com/sfs/metahive/model/Definition_Roo_Configurable.aj
/Users/david/GitHub/metahive/src/main/java/com/sfs/metahive/model/Category.java
/Users/david/GitHub/metahive/src/main/java/com/sfs/metahive/model/Category_Roo_ToString.aj
/Users/david/GitHub/metahive/src/main/java/com/sfs/metahive/model/Category_Roo_Configurable.aj
/Users/david/GitHub/metahive/src/main/java/com/sfs/metahive/model/Definition_Roo_ToString.aj
